<?xml version="1.0" encoding="UTF-8"?>
<testsuite xmlns:xsi="http://www.w3.org/2001/XMLSchema-instance" xsi:noNamespaceSchemaLocation="https://maven.apache.org/surefire/maven-surefire-plugin/xsd/surefire-test-report-3.0.xsd" version="3.0" name="bg.sofia.uni.fmi.mjt.sentiment.tsk.parsers.ReviewsToSentenceWordsCountParserTest" time="0.021" tests="11" errors="0" skipped="0" failures="0">
  <properties>
[...]
</properties>
  <testcase name="testGetSentenceWordsCountOneLetterWords" classname="bg.sofia.uni.fmi.mjt.sentiment.tsk.parsers.ReviewsToSentenceWordsCountParserTest" time="0.001"/>
  <testcase name="testGetSentenceWordsCountBlankReview" classname="bg.sofia.uni.fmi.mjt.sentiment.tsk.parsers.ReviewsToSentenceWordsCountParserTest" time="0.001"/>
  <testcase name="testGetSentenceWordsCountDuplicatesMultipleReviews" classname="bg.sofia.uni.fmi.mjt.sentiment.tsk.parsers.ReviewsToSentenceWordsCountParserTest" time="0.002"/>
  <testcase name="testGetSentenceWordsCountOneReviewWithStopWords" classname="bg.sofia.uni.fmi.mjt.sentiment.tsk.parsers.ReviewsToSentenceWordsCountParserTest" time="0.002"/>
  <testcase name="testGetSentenceWordsCountOnlySentenceWordsMultipleReviews" classname="bg.sofia.uni.fmi.mjt.sentiment.tsk.parsers.ReviewsToSentenceWordsCountParserTest" time="0.002"/>
  <testcase name="testGetSentenceWordsCountDuplicates" classname="bg.sofia.uni.fmi.mjt.sentiment.tsk.parsers.ReviewsToSentenceWordsCountParserTest" time="0.002"/>
  <testcase name="testGetSentenceWordsCountStopWordsOnly" classname="bg.sofia.uni.fmi.mjt.sentiment.tsk.parsers.ReviewsToSentenceWordsCountParserTest" time="0.002"/>
  <testcase name="testGetSentenceWordsCountMultipleLinesStopwords" classname="bg.sofia.uni.fmi.mjt.sentiment.tsk.parsers.ReviewsToSentenceWordsCountParserTest" time="0.002"/>
  <testcase name="testGetSentenceWordsCountEmptyReview" classname="bg.sofia.uni.fmi.mjt.sentiment.tsk.parsers.ReviewsToSentenceWordsCountParserTest" time="0.001"/>
  <testcase name="testGetSentenceWordsCountNoReviews" classname="bg.sofia.uni.fmi.mjt.sentiment.tsk.parsers.ReviewsToSentenceWordsCountParserTest" time="0.001"/>
  <testcase name="testGetSentenceWordsCountMultipleLinesEmptyReview" classname="bg.sofia.uni.fmi.mjt.sentiment.tsk.parsers.ReviewsToSentenceWordsCountParserTest" time="0.001"/>
</testsuite>